Release 14.5 - xst P.58f (nt64)
Copyright (c) 1995-2013 Xilinx, Inc.  All rights reserved.
--> Parameter TMPDIR set to xst/projnav.tmp


Total REAL time to Xst completion: 0.00 secs
Total CPU time to Xst completion: 0.19 secs
 
--> Parameter xsthdpdir set to xst


Total REAL time to Xst completion: 0.00 secs
Total CPU time to Xst completion: 0.19 secs
 
--> Reading design: main.prj

TABLE OF CONTENTS
  1) Synthesis Options Summary
  2) HDL Compilation
  3) Design Hierarchy Analysis
  4) HDL Analysis
  5) HDL Synthesis
     5.1) HDL Synthesis Report
  6) Advanced HDL Synthesis
     6.1) Advanced HDL Synthesis Report
  7) Low Level Synthesis
  8) Partition Report
  9) Final Report
	9.1) Device utilization summary
	9.2) Partition Resource Summary
	9.3) TIMING REPORT


=========================================================================
*                      Synthesis Options Summary                        *
=========================================================================
---- Source Parameters
Input File Name                    : "main.prj"
Input Format                       : mixed
Ignore Synthesis Constraint File   : NO

---- Target Parameters
Output File Name                   : "main"
Output Format                      : NGC
Target Device                      : xc3s500e-4-fg320

---- Source Options
Top Module Name                    : main
Automatic FSM Extraction           : YES
FSM Encoding Algorithm             : Auto
Safe Implementation                : No
FSM Style                          : LUT
RAM Extraction                     : Yes
RAM Style                          : Auto
ROM Extraction                     : Yes
Mux Style                          : Auto
Decoder Extraction                 : YES
Priority Encoder Extraction        : Yes
Shift Register Extraction          : YES
Logical Shifter Extraction         : YES
XOR Collapsing                     : YES
ROM Style                          : Auto
Mux Extraction                     : Yes
Resource Sharing                   : YES
Asynchronous To Synchronous        : NO
Multiplier Style                   : Auto
Automatic Register Balancing       : No

---- Target Options
Add IO Buffers                     : YES
Global Maximum Fanout              : 100000
Add Generic Clock Buffer(BUFG)     : 24
Register Duplication               : YES
Slice Packing                      : YES
Optimize Instantiated Primitives   : NO
Use Clock Enable                   : Yes
Use Synchronous Set                : Yes
Use Synchronous Reset              : Yes
Pack IO Registers into IOBs        : Auto
Equivalent register Removal        : YES

---- General Options
Optimization Goal                  : Speed
Optimization Effort                : 1
Keep Hierarchy                     : No
Netlist Hierarchy                  : As_Optimized
RTL Output                         : Yes
Global Optimization                : AllClockNets
Read Cores                         : YES
Write Timing Constraints           : NO
Cross Clock Analysis               : NO
Hierarchy Separator                : /
Bus Delimiter                      : <>
Case Specifier                     : Maintain
Slice Utilization Ratio            : 100
BRAM Utilization Ratio             : 100
Verilog 2001                       : YES
Auto BRAM Packing                  : NO
Slice Utilization Ratio Delta      : 5

=========================================================================


=========================================================================
*                          HDL Compilation                              *
=========================================================================
Compiling verilog file "Z_Register.v" in library work
Compiling verilog file "Y_Register.v" in library work
Module <Z_Register> compiled
Compiling verilog file "X_Register.v" in library work
Module <Y_Register> compiled
Compiling verilog file "Majority.v" in library work
Module <X_Register> compiled
Compiling verilog file "main.v" in library work
Module <Majority> compiled
Module <main> compiled
No errors in compilation
Analysis of file <"main.prj"> succeeded.
 

=========================================================================
*                     Design Hierarchy Analysis                         *
=========================================================================
Analyzing hierarchy for module <main> in library <work>.

Analyzing hierarchy for module <X_Register> in library <work>.

Analyzing hierarchy for module <Y_Register> in library <work>.

Analyzing hierarchy for module <Z_Register> in library <work>.

Analyzing hierarchy for module <Majority> in library <work>.


=========================================================================
*                            HDL Analysis                               *
=========================================================================
Analyzing top module <main>.
Module <main> is correct for synthesis.
 
Analyzing module <X_Register> in library <work>.
Module <X_Register> is correct for synthesis.
 
Analyzing module <Y_Register> in library <work>.
Module <Y_Register> is correct for synthesis.
 
Analyzing module <Z_Register> in library <work>.
Module <Z_Register> is correct for synthesis.
 
Analyzing module <Majority> in library <work>.
Module <Majority> is correct for synthesis.
 

=========================================================================
*                           HDL Synthesis                               *
=========================================================================

Performing bidirectional port resolution...

Synthesizing Unit <X_Register>.
    Related source file is "X_Register.v".
    Found 19-bit register for signal <x_reg>.
    Found 1-bit xor4 for signal <xored>.
    Summary:
	inferred  19 D-type flip-flop(s).
	inferred   1 Xor(s).
Unit <X_Register> synthesized.


Synthesizing Unit <Y_Register>.
    Related source file is "Y_Register.v".
    Found 1-bit xor2 for signal <xored>.
    Found 22-bit register for signal <y_reg>.
    Summary:
	inferred  22 D-type flip-flop(s).
Unit <Y_Register> synthesized.


Synthesizing Unit <Z_Register>.
    Related source file is "Z_Register.v".
    Found 1-bit xor4 for signal <xored>.
    Found 23-bit register for signal <z_reg>.
    Summary:
	inferred  23 D-type flip-flop(s).
	inferred   1 Xor(s).
Unit <Z_Register> synthesized.


Synthesizing Unit <Majority>.
    Related source file is "Majority.v".
    Found 1-bit xor2 for signal <trigger$xor0000> created at line 32.
    Found 1-bit xor2 for signal <trigger$xor0001> created at line 32.
    Found 1-bit xor2 for signal <trigger$xor0002> created at line 32.
Unit <Majority> synthesized.


Synthesizing Unit <main>.
    Related source file is "main.v".
WARNING:Xst:1780 - Signal <maj_triggers> is never used or assigned. This unconnected signal will be trimmed during the optimization process.
    Found 1-bit xor3 for signal <encryption>.
    Summary:
	inferred   1 Xor(s).
Unit <main> synthesized.


=========================================================================
HDL Synthesis Report

Macro Statistics
# Registers                                            : 3
 19-bit register                                       : 1
 22-bit register                                       : 1
 23-bit register                                       : 1
# Xors                                                 : 7
 1-bit xor2                                            : 4
 1-bit xor3                                            : 1
 1-bit xor4                                            : 2

=========================================================================

=========================================================================
*                       Advanced HDL Synthesis                          *
=========================================================================


=========================================================================
Advanced HDL Synthesis Report

Macro Statistics
# Registers                                            : 64
 Flip-Flops                                            : 64
# Xors                                                 : 7
 1-bit xor2                                            : 4
 1-bit xor3                                            : 1
 1-bit xor4                                            : 2

=========================================================================

=========================================================================
*                         Low Level Synthesis                           *
=========================================================================

Optimizing unit <main> ...

Optimizing unit <X_Register> ...

Optimizing unit <Y_Register> ...

Optimizing unit <Z_Register> ...

Mapping all equations...
Building and optimizing final netlist ...
Found area constraint ratio of 100 (+ 5) on block main, actual ratio is 0.

Final Macro Processing ...

=========================================================================
Final Register Report

Macro Statistics
# Registers                                            : 64
 Flip-Flops                                            : 64

=========================================================================

=========================================================================
*                           Partition Report                            *
=========================================================================

Partition Implementation Status
-------------------------------

  No Partitions were found in this design.

-------------------------------

=========================================================================
*                            Final Report                               *
=========================================================================
Final Results
RTL Top Level Output File Name     : main.ngr
Top Level Output File Name         : main
Output Format                      : NGC
Optimization Goal                  : Speed
Keep Hierarchy                     : No

Design Statistics
# IOs                              : 67

Cell Usage :
# BELS                             : 70
#      LUT3                        : 62
#      LUT3_L                      : 2
#      LUT4                        : 6
# FlipFlops/Latches                : 64
#      FDE                         : 64
# Clock Buffers                    : 1
#      BUFGP                       : 1
# IO Buffers                       : 66
#      IBUF                        : 65
#      OBUF                        : 1
=========================================================================

Device utilization summary:
---------------------------

Selected Device : 3s500efg320-4 

 Number of Slices:                       40  out of   4656     0%  
 Number of Slice Flip Flops:             64  out of   9312     0%  
 Number of 4 input LUTs:                 70  out of   9312     0%  
 Number of IOs:                          67
 Number of bonded IOBs:                  67  out of    232    28%  
 Number of GCLKs:                         1  out of     24     4%  

---------------------------
Partition Resource Summary:
---------------------------

  No Partitions were found in this design.

---------------------------


=========================================================================
TIMING REPORT

NOTE: THESE TIMING NUMBERS ARE ONLY A SYNTHESIS ESTIMATE.
      FOR ACCURATE TIMING INFORMATION PLEASE REFER TO THE TRACE REPORT
      GENERATED AFTER PLACE-and-ROUTE.

Clock Information:
------------------
-----------------------------------+------------------------+-------+
Clock Signal                       | Clock buffer(FF name)  | Load  |
-----------------------------------+------------------------+-------+
clk                                | BUFGP                  | 64    |
-----------------------------------+------------------------+-------+

Asynchronous Control Signals Information:
----------------------------------------
No asynchronous control signals found in this design

Timing Summary:
---------------
Speed Grade: -4

   Minimum period: 3.718ns (Maximum Frequency: 268.962MHz)
   Minimum input arrival time before clock: 5.127ns
   Maximum output required time after clock: 5.609ns
   Maximum combinational path delay: No path found

Timing Detail:
--------------
All values displayed in nanoseconds (ns)

=========================================================================
Timing constraint: Default period analysis for Clock 'clk'
  Clock period: 3.718ns (frequency: 268.962MHz)
  Total number of paths / destination ports: 263 / 128
-------------------------------------------------------------------------
Delay:               3.718ns (Levels of Logic = 1)
  Source:            z_reg/z_reg_10 (FF)
  Destination:       z_reg/z_reg_22 (FF)
  Source Clock:      clk rising
  Destination Clock: clk rising

  Data Path: z_reg/z_reg_10 to z_reg/z_reg_22
                                Gate     Net
    Cell:in->out      fanout   Delay   Delay  Logical Name (Net Name)
    ----------------------------------------  ------------
     FDE:C->Q              4   0.591   0.666  z_reg/z_reg_10 (z_reg/z_reg_10)
     LUT4:I1->O           23   0.704   1.202  z_reg/z_reg_not00011 (z_reg/z_reg_not0001)
     FDE:CE                    0.555          z_reg/z_reg_0
    ----------------------------------------
    Total                      3.718ns (1.850ns logic, 1.868ns route)
                                       (49.8% logic, 50.2% route)

=========================================================================
Timing constraint: Default OFFSET IN BEFORE for Clock 'clk'
  Total number of paths / destination ports: 192 / 128
-------------------------------------------------------------------------
Offset:              5.127ns (Levels of Logic = 2)
  Source:            load (PAD)
  Destination:       z_reg/z_reg_22 (FF)
  Destination Clock: clk rising

  Data Path: load to z_reg/z_reg_22
                                Gate     Net
    Cell:in->out      fanout   Delay   Delay  Logical Name (Net Name)
    ----------------------------------------  ------------
     IBUF:I->O            67   1.218   1.448  load_IBUF (load_IBUF)
     LUT4:I0->O           23   0.704   1.202  z_reg/z_reg_not00011 (z_reg/z_reg_not0001)
     FDE:CE                    0.555          z_reg/z_reg_0
    ----------------------------------------
    Total                      5.127ns (2.477ns logic, 2.650ns route)
                                       (48.3% logic, 51.7% route)

=========================================================================
Timing constraint: Default OFFSET OUT AFTER for Clock 'clk'
  Total number of paths / destination ports: 3 / 1
-------------------------------------------------------------------------
Offset:              5.609ns (Levels of Logic = 2)
  Source:            y_reg/y_reg_21 (FF)
  Destination:       encryption (PAD)
  Source Clock:      clk rising

  Data Path: y_reg/y_reg_21 to encryption
                                Gate     Net
    Cell:in->out      fanout   Delay   Delay  Logical Name (Net Name)
    ----------------------------------------  ------------
     FDE:C->Q              2   0.591   0.622  y_reg/y_reg_21 (y_reg/y_reg_21)
     LUT3:I0->O            1   0.704   0.420  Mxor_encryption_xo<0>1 (encryption_OBUF)
     OBUF:I->O                 3.272          encryption_OBUF (encryption)
    ----------------------------------------
    Total                      5.609ns (4.567ns logic, 1.042ns route)
                                       (81.4% logic, 18.6% route)

=========================================================================


Total REAL time to Xst completion: 6.00 secs
Total CPU time to Xst completion: 5.44 secs
 
--> 

Total memory usage is 4519392 kilobytes

Number of errors   :    0 (   0 filtered)
Number of warnings :    1 (   0 filtered)
Number of infos    :    0 (   0 filtered)

